^ 1010 : 4 4.5675 282.94444444444446 4.5675 (2004 - 2007)
^ 1030 : 5 6.1462 195.8846153846154 6.1462 (2015 - 2019)
^ 105 : 2 3.6125 318.3125 3.6125 (2010 - 2011)
^ 1063 : 4 4.7473 231.5 4.7473 (2010 - 2013)
^ 1093 : 5 6.4276 181.89285714285714 6.4276 (2012 - 2016)
^ 1099 : 5 7.0681 149.7941176470588 7.0681 (2010 - 2014)
^ 110 : 3 4.739 318.3125 4.739 (2015 - 2017)
^ 1131 : 4 3.3054 363.7857142857143 3.3054 (2018 - 2021)
^ 114 : 4 6.696 159.15625 6.696 (2009 - 2012)
^ 1154 : 4 6.6126 195.8846153846154 6.6126 (2016 - 2019)
^ 1158 : 5 10.2665 106.10416666666667 10.2665 (2018 - 2022)
^ 1166 : 2 3.1177 509.3 3.1177 (2013 - 2014)
^ 1169 : 3 6.4734 212.20833333333334 6.4734 (2017 - 2019)
^ 1181 : 2 5.1218 254.65 5.1218 (2005 - 2006)
^ 1183 : 5 3.0965 282.94444444444446 3.0965 (2007 - 2011)
^ 1197 : 5 5.5678 212.20833333333334 5.5678 (2011 - 2015)
^ 120 : 7 8.0301 134.02631578947367 8.0301 (2019 - )
^ 1227 : 7 7.788 149.7941176470588 7.788 (2019 - )
^ 1240 : 6 8.9467 121.26190476190476 8.9467 (2015 - 2020)
^ 1260 : 5 6.3079 212.20833333333334 6.3079 (2021 - )
^ 1268 : 3 3.6869 363.7857142857143 3.6869 (2018 - 2020)
^ 1282 : 4 7.5451 159.15625 7.5451 (2013 - 2016)
^ 1295 : 3 3.3325 363.7857142857143 3.3325 (2004 - 2006)
^ 1310 : 2 3.1383 509.3 3.1383 (2016 - 2017)
^ 1329 : 4 4.9204 231.5 4.9204 (2007 - 2010)
^ 1339 : 4 5.9982 212.20833333333334 5.9982 (2011 - 2014)
^ 1348 : 4 5.0764 254.65 5.0764 (2004 - 2007)
^ 137 : 3 4.027 363.7857142857143 4.027 (2004 - 2006)
^ 1399 : 4 5.1999 231.5 5.1999 (2018 - 2021)
^ 14 : 4 3.1675 424.4166666666667 3.1675 (2015 - 2018)
^ 1453 : 3 4.0113 318.3125 4.0113 (2013 - 2015)
^ 1475 : 7 5.0309 231.5 5.0309 (2019 - )
^ 1485 : 3 9.4096 134.02631578947367 9.4096 (2009 - 2011)
^ 1515 : 5 3.2076 363.7857142857143 3.2076 (2012 - 2016)
^ 1590 : 5 6.8355 195.8846153846154 6.8355 (2021 - )
^ 1593 : 5 4.1724 282.94444444444446 4.1724 (2011 - 2015)
^ 1633 : 2 3.098 509.3 3.098 (2014 - 2015)
^ 1639 : 3 3.3823 424.4166666666667 3.3823 (2016 - 2018)
^ 1645 : 5 4.0218 282.94444444444446 4.0218 (2005 - 2009)
^ 1670 : 3 3.5334 424.4166666666667 3.5334 (2014 - 2016)
^ 1674 : 2 3.1236 509.3 3.1236 (2010 - 2011)
^ 1675 : 3 3.4508 424.4166666666667 3.4508 (2004 - 2006)
^ 1692 : 3 3.1593 424.4166666666667 3.1593 (2018 - 2020)
^ 1705 : 5 3.3623 424.4166666666667 3.3623 (2021 - )
^ 1709 : 4 3.9549 318.3125 3.9549 (2010 - 2013)
^ 1716 : 3 4.4856 282.94444444444446 4.4856 (2004 - 2006)
^ 1723 : 5 9.2039 121.26190476190476 9.2039 (2017 - 2021)
^ 173 : 4 6.872 181.89285714285714 6.872 (2019 - 2022)
^ 1730 : 4 3.3198 424.4166666666667 3.3198 (2014 - 2017)
^ 1746 : 2 3.1701 318.3125 3.1701 (2011 - 2012)
^ 1790 : 3 5.1805 282.94444444444446 5.1805 (2004 - 2006)
^ 1847 : 4 6.8765 195.8846153846154 6.8765 (2015 - 2018)
^ 1854 : 3 11.9846 101.86 11.9846 (2013 - 2015)
^ 186 : 5 7.7646 149.7941176470588 7.7646 (2010 - 2014)
^ 1877 : 4 5.9982 212.20833333333334 5.9982 (2011 - 2014)
^ 1890 : 3 5.9323 231.5 5.9323 (2017 - 2019)
^ 1918 : 3 3.5523 424.4166666666667 3.5523 (2015 - 2017)
^ 1922 : 4 4.4505 282.94444444444446 4.4505 (2010 - 2013)
^ 1950 : 2 3.7659 424.4166666666667 3.7659 (2015 - 2016)
^ 1977 : 2 3.1383 509.3 3.1383 (2016 - 2017)
^ 1990 : 2 4.9052 254.65 4.9052 (2009 - 2010)
^ 2 : 5 3.1487 424.4166666666667 3.1487 (2021 - )
^ 2001 : 3 3.1487 424.4166666666667 3.1487 (2012 - 2014)
^ 2002 : 4 4.4718 254.65 4.4718 (2007 - 2010)
^ 2006 : 4 5.2178 282.94444444444446 5.2178 (2022 - )
^ 2012 : 3 3.2171 424.4166666666667 3.2171 (2019 - 2021)
^ 2015 : 2 3.1236 509.3 3.1236 (2010 - 2011)
^ 2035 : 5 4.7239 254.65 4.7239 (2015 - 2019)
^ 2036 : 5 4.4855 318.3125 4.4855 (2021 - )
^ 2086 : 5 6.8228 159.15625 6.8228 (2006 - 2010)
^ 2127 : 3 4.1235 363.7857142857143 4.1235 (2014 - 2016)
^ 2130 : 5 11.3818 106.10416666666667 11.3818 (2015 - 2019)
^ 2155 : 5 5.9305 181.89285714285714 5.9305 (2009 - 2013)
^ 216 : 3 6.7761 212.20833333333334 6.7761 (2016 - 2018)
^ 2162 : 3 3.2313 424.4166666666667 3.2313 (2017 - 2019)
^ 2172 : 4 5.1999 231.5 5.1999 (2018 - 2021)
^ 2186 : 3 4.5123 318.3125 4.5123 (2016 - 2018)
^ 2231 : 5 4.7239 254.65 4.7239 (2015 - 2019)
^ 2242 : 4 4.4718 254.65 4.4718 (2007 - 2010)
^ 2246 : 6 4.2982 282.94444444444446 4.2982 (2020 - )
^ 2286 : 4 6.3948 195.8846153846154 6.3948 (2017 - 2020)
^ 2307 : 5 5.7806 231.5 5.7806 (2021 - )
^ 2332 : 4 7.1669 159.15625 7.1669 (2007 - 2010)
^ 2339 : 4 7.207 195.8846153846154 7.207 (2014 - 2017)
^ 2342 : 4 6.6957 212.20833333333334 6.6957 (2013 - 2016)
^ 2343 : 3 4.3108 318.3125 4.3108 (2017 - 2019)
^ 2397 : 3 3.7709 363.7857142857143 3.7709 (2017 - 2019)
^ 2415 : 2 3.1374 509.3 3.1374 (2015 - 2016)
^ 247 : 2 3.5676 424.4166666666667 3.5676 (2017 - 2018)
^ 255 : 3 3.7654 363.7857142857143 3.7654 (2011 - 2013)
^ 356 : 5 3.3623 424.4166666666667 3.3623 (2021 - )
^ 37 : 7 6.7566 159.15625 6.7566 (2019 - )
^ 372 : 5 5.6766 212.20833333333334 5.6766 (2009 - 2013)
^ 390 : 3 8.3074 181.89285714285714 8.3074 (2015 - 2017)
^ 405 : 2 3.4449 424.4166666666667 3.4449 (2018 - 2019)
^ 414 : 4 4.2238 282.94444444444446 4.2238 (2006 - 2009)
^ 462 : 3 3.1487 424.4166666666667 3.1487 (2012 - 2014)
^ 494 : 7 6.4083 181.89285714285714 6.4083 (2019 - )
^ 504 : 6 7.1756 169.76666666666668 7.1756 (2020 - )
^ 522 : 4 4.0589 318.3125 4.0589 (2004 - 2007)
^ 529 : 3 7.9528 169.76666666666668 7.9528 (2004 - 2006)
^ 607 : 5 3.9047 254.65 3.9047 (2008 - 2012)
^ 638 : 6 4.3399 254.65 4.3399 (2009 - 2014)
^ 658 : 3 4.027 363.7857142857143 4.027 (2004 - 2006)
^ 671 : 4 4.5675 282.94444444444446 4.5675 (2004 - 2007)
^ 675 : 3 3.8218 363.7857142857143 3.8218 (2020 - 2022)
^ 694 : 4 4.2238 282.94444444444446 4.2238 (2006 - 2009)
^ 695 : 5 4.2503 282.94444444444446 4.2503 (2015 - 2019)
^ 713 : 5 4.4855 318.3125 4.4855 (2021 - )
^ 741 : 4 3.1675 424.4166666666667 3.1675 (2015 - 2018)
^ 769 : 3 3.6745 363.7857142857143 3.6745 (2012 - 2014)
^ 79 : 5 11.5595 94.31481481481481 11.5595 (2018 - 2022)
^ 795 : 3 4.6008 282.94444444444446 4.6008 (2013 - 2015)
^ 813 : 2 4.1551 363.7857142857143 4.1551 (2021 - 2022)
^ 824 : 6 5.7357 212.20833333333334 5.7357 (2020 - )
^ 846 : 5 3.777 318.3125 3.777 (2015 - 2019)
^ 850 : 5 5.4556 195.8846153846154 5.4556 (2009 - 2013)
^ 900 : 7 6.4083 181.89285714285714 6.4083 (2019 - )
^ 913 : 4 8.128 181.89285714285714 8.128 (2022 - )
^ 922 : 5 4.727 282.94444444444446 4.727 (2021 - )
^ 932 : 4 4.6367 318.3125 4.6367 (2022 - )
^ 936 : 6 6.6792 195.8846153846154 6.6792 (2020 - )
^ 945 : 6 9.5809 127.325 9.5809 (2020 - )
^ 975 : 4 5.6742 212.20833333333334 5.6742 (2018 - 2021)
^ 998 : 3 7.4914 195.8846153846154 7.4914 (2004 - 2006)
